Using pre-set license
Built from '2020.3/release' branch; Version is '2020.3.7f1 (dd97f2c94397) revision 14522354'; Using compiler version '192528614'; Build Type 'Release'
OS: 'Windows 10 Pro; OS build 19044.2251; Version 2009; 64bit' Language: 'en' Physical Memory: 8051 MB
BatchMode: 1, IsHumanControllingUs: 0, StartBugReporterOnCrash: 0, Is64bit: 1, IsPro: 0

 COMMAND LINE ARGUMENTS:
C:\Program Files\Unity\Hub\Editor\2020.3.7f1\Editor\Unity.exe
-adb2
-batchMode
-noUpm
-name
AssetImportWorker0
-projectPath
C:/Users/Student/Documents/GitHub/Sem1A3-TeamGameDev/A Tale of Two Gamerz
-logFile
Logs/AssetImportWorker0.log
-srvPort
51493
Successfully changed project path to: C:/Users/Student/Documents/GitHub/Sem1A3-TeamGameDev/A Tale of Two Gamerz
C:/Users/Student/Documents/GitHub/Sem1A3-TeamGameDev/A Tale of Two Gamerz
Using Asset Import Pipeline V2.
Refreshing native plugins compatible for Editor in 44.20 ms, found 1 plugins.
Preloading 0 native plugins for Editor in 0.00 ms.
Initialize engine version: 2020.3.7f1 (dd97f2c94397)
[Subsystems] Discovering subsystems at path C:/Program Files/Unity/Hub/Editor/2020.3.7f1/Editor/Data/Resources/UnitySubsystems
[Subsystems] Discovering subsystems at path C:/Users/Student/Documents/GitHub/Sem1A3-TeamGameDev/A Tale of Two Gamerz/Assets
GfxDevice: creating device client; threaded=0
Direct3D:
    Version:  Direct3D 11.0 [level 11.1]
    Renderer: Intel(R) HD Graphics 530 (ID=0x1912)
    Vendor:   
    VRAM:     4025 MB
    Driver:   27.20.100.9664
Initialize mono
Mono path[0] = 'C:/Program Files/Unity/Hub/Editor/2020.3.7f1/Editor/Data/Managed'
Mono path[1] = 'C:/Program Files/Unity/Hub/Editor/2020.3.7f1/Editor/Data/MonoBleedingEdge/lib/mono/unityjit'
Mono config path = 'C:/Program Files/Unity/Hub/Editor/2020.3.7f1/Editor/Data/MonoBleedingEdge/etc'
Using monoOptions --debugger-agent=transport=dt_socket,embedding=1,server=y,suspend=n,address=127.0.0.1:56484
Begin MonoManager ReloadAssembly
Registering precompiled unity dll's ...
Register platform support module: C:/Program Files/Unity/Hub/Editor/2020.3.7f1/Editor/Data/PlaybackEngines/WindowsStandaloneSupport/UnityEditor.WindowsStandalone.Extensions.dll
Registered in 0.002104 seconds.
Native extension for WindowsStandalone target not found
Refreshing native plugins compatible for Editor in 45.70 ms, found 1 plugins.
Preloading 0 native plugins for Editor in 0.00 ms.
Mono: successfully reloaded assembly
- Completed reload, in  1.258 seconds
Platform modules already initialized, skipping
Registering precompiled user dll's ...
Registered in 0.001117 seconds.
Begin MonoManager ReloadAssembly
Native extension for WindowsStandalone target not found
Refreshing native plugins compatible for Editor in 40.63 ms, found 1 plugins.
Preloading 0 native plugins for Editor in 0.00 ms.
Mono: successfully reloaded assembly
- Completed reload, in  1.094 seconds
Platform modules already initialized, skipping
========================================================================
Worker process is ready to serve import requests
Launched and connected shader compiler UnityShaderCompiler.exe after 0.07 seconds
Refreshing native plugins compatible for Editor in 0.52 ms, found 1 plugins.
Preloading 0 native plugins for Editor in 0.00 ms.
Unloading 1810 Unused Serialized files (Serialized files now loaded: 0)
System memory in use before: 84.9 MB.
System memory in use after: 85.0 MB.

Unloading 19 unused Assets to reduce memory usage. Loaded Objects now: 2257.
Total: 2.684200 ms (FindLiveObjects: 0.410600 ms CreateObjectMapping: 0.140800 ms MarkObjects: 2.011000 ms  DeleteObjects: 0.120700 ms)

========================================================================
Received Import Request.
  path: Assets/Platform.prefab
  artifactKey: Guid(69faa3a9e6630e548a7bccb106d1a508) Importer(815301076,1909f56bfc062723c751e8b465ee728b)
Start importing Assets/Platform.prefab using Guid(69faa3a9e6630e548a7bccb106d1a508) Importer(815301076,1909f56bfc062723c751e8b465ee728b)  -> (artifact id: '25d98bae4c055cd13f1a9a4e6738f84c') in 0.079796 seconds
  Import took 0.082985 seconds .

========================================================================
Received Import Request.
  Time since last request: 0.000391 seconds.
  path: Assets/Scenes/SampleScene.unity
  artifactKey: Guid(2cda990e2423bbf4892e6590ba056729) Importer(815301076,1909f56bfc062723c751e8b465ee728b)
Start importing Assets/Scenes/SampleScene.unity using Guid(2cda990e2423bbf4892e6590ba056729) Importer(815301076,1909f56bfc062723c751e8b465ee728b)  -> (artifact id: 'f9cd158943b487d40f6dcde36b1d13f6') in 0.006818 seconds
  Import took 0.010945 seconds .

========================================================================
Received Import Request.
  Time since last request: 0.000389 seconds.
  path: Assets/Scenes
  artifactKey: Guid(69fdf67519bedfa45806fe0e56728a07) Importer(815301076,1909f56bfc062723c751e8b465ee728b)
Start importing Assets/Scenes using Guid(69fdf67519bedfa45806fe0e56728a07) Importer(815301076,1909f56bfc062723c751e8b465ee728b)  -> (artifact id: '5aca2684ce933894a37a4de3a44dd22f') in 0.009763 seconds
  Import took 0.014306 seconds .

========================================================================
Received Import Request.
  Time since last request: 40.475047 seconds.
  path: Assets/Scenes/SampleScene - Copy.unity
  artifactKey: Guid(c72237b055169a04eaa882393bc51a4e) Importer(815301076,1909f56bfc062723c751e8b465ee728b)
Start importing Assets/Scenes/SampleScene - Copy.unity using Guid(c72237b055169a04eaa882393bc51a4e) Importer(815301076,1909f56bfc062723c751e8b465ee728b)  -> (artifact id: '19040cb7e777bc40666e933025895f45') in 0.013889 seconds
  Import took 0.017591 seconds .

AssetImportWorkerClient::OnTransportError - code=2 error=End of file
