Using pre-set license
Built from '2020.3/release' branch; Version is '2020.3.7f1 (dd97f2c94397) revision 14522354'; Using compiler version '192528614'; Build Type 'Release'
OS: 'Windows 10 Pro; OS build 19044.2251; Version 2009; 64bit' Language: 'en' Physical Memory: 8051 MB
BatchMode: 1, IsHumanControllingUs: 0, StartBugReporterOnCrash: 0, Is64bit: 1, IsPro: 0

 COMMAND LINE ARGUMENTS:
C:\Program Files\Unity\Hub\Editor\2020.3.7f1\Editor\Unity.exe
-adb2
-batchMode
-noUpm
-name
AssetImportWorker0
-projectPath
C:/Users/Student/Documents/GitHub/Sem1A3-TeamGameDev/A Tale of Two Gamerz
-logFile
Logs/AssetImportWorker0.log
-srvPort
51017
Successfully changed project path to: C:/Users/Student/Documents/GitHub/Sem1A3-TeamGameDev/A Tale of Two Gamerz
C:/Users/Student/Documents/GitHub/Sem1A3-TeamGameDev/A Tale of Two Gamerz
Using Asset Import Pipeline V2.
Refreshing native plugins compatible for Editor in 42.89 ms, found 1 plugins.
Preloading 0 native plugins for Editor in 0.00 ms.
Initialize engine version: 2020.3.7f1 (dd97f2c94397)
[Subsystems] Discovering subsystems at path C:/Program Files/Unity/Hub/Editor/2020.3.7f1/Editor/Data/Resources/UnitySubsystems
[Subsystems] Discovering subsystems at path C:/Users/Student/Documents/GitHub/Sem1A3-TeamGameDev/A Tale of Two Gamerz/Assets
GfxDevice: creating device client; threaded=0
Direct3D:
    Version:  Direct3D 11.0 [level 11.1]
    Renderer: Intel(R) HD Graphics 530 (ID=0x1912)
    Vendor:   
    VRAM:     4025 MB
    Driver:   27.20.100.9664
Initialize mono
Mono path[0] = 'C:/Program Files/Unity/Hub/Editor/2020.3.7f1/Editor/Data/Managed'
Mono path[1] = 'C:/Program Files/Unity/Hub/Editor/2020.3.7f1/Editor/Data/MonoBleedingEdge/lib/mono/unityjit'
Mono config path = 'C:/Program Files/Unity/Hub/Editor/2020.3.7f1/Editor/Data/MonoBleedingEdge/etc'
Using monoOptions --debugger-agent=transport=dt_socket,embedding=1,server=y,suspend=n,address=127.0.0.1:56792
Begin MonoManager ReloadAssembly
Registering precompiled unity dll's ...
Register platform support module: C:/Program Files/Unity/Hub/Editor/2020.3.7f1/Editor/Data/PlaybackEngines/WindowsStandaloneSupport/UnityEditor.WindowsStandalone.Extensions.dll
Registered in 0.002207 seconds.
Native extension for WindowsStandalone target not found
Refreshing native plugins compatible for Editor in 46.82 ms, found 1 plugins.
Preloading 0 native plugins for Editor in 0.00 ms.
Mono: successfully reloaded assembly
- Completed reload, in  1.269 seconds
Platform modules already initialized, skipping
Registering precompiled user dll's ...
Registered in 0.001112 seconds.
Begin MonoManager ReloadAssembly
Native extension for WindowsStandalone target not found
Refreshing native plugins compatible for Editor in 43.80 ms, found 1 plugins.
Preloading 0 native plugins for Editor in 0.00 ms.
Mono: successfully reloaded assembly
- Completed reload, in  1.156 seconds
Platform modules already initialized, skipping
========================================================================
Worker process is ready to serve import requests
Launched and connected shader compiler UnityShaderCompiler.exe after 0.06 seconds
Refreshing native plugins compatible for Editor in 0.46 ms, found 1 plugins.
Preloading 0 native plugins for Editor in 0.00 ms.
Unloading 1810 Unused Serialized files (Serialized files now loaded: 0)
System memory in use before: 84.9 MB.
System memory in use after: 84.9 MB.

Unloading 19 unused Assets to reduce memory usage. Loaded Objects now: 2257.
Total: 2.636500 ms (FindLiveObjects: 0.276200 ms CreateObjectMapping: 0.107800 ms MarkObjects: 2.160300 ms  DeleteObjects: 0.091100 ms)

========================================================================
Received Import Request.
  path: Assets/pixil-frame-0 (21).png
  artifactKey: Guid(7e845ab9a2149d14baede5ba35e2c3a2) Importer(815301076,1909f56bfc062723c751e8b465ee728b)
Start importing Assets/pixil-frame-0 (21).png using Guid(7e845ab9a2149d14baede5ba35e2c3a2) Importer(815301076,1909f56bfc062723c751e8b465ee728b)  -> (artifact id: 'cfb0bab8b2f981f8982a47c85e4121a5') in 0.192332 seconds
  Import took 0.197342 seconds .

========================================================================
Received Import Request.
  Time since last request: 0.000250 seconds.
  path: Assets/Platform.prefab
  artifactKey: Guid(69faa3a9e6630e548a7bccb106d1a508) Importer(815301076,1909f56bfc062723c751e8b465ee728b)
Start importing Assets/Platform.prefab using Guid(69faa3a9e6630e548a7bccb106d1a508) Importer(815301076,1909f56bfc062723c751e8b465ee728b)  -> (artifact id: '9c942de1caf9f04cf719195c6e1bfebc') in 0.022386 seconds
  Import took 0.026791 seconds .

========================================================================
Received Import Request.
  Time since last request: 0.000597 seconds.
  path: Assets/PlayerPhysics.physicsMaterial2D
  artifactKey: Guid(6e5e9991d79818244afc6e1829b411c1) Importer(815301076,1909f56bfc062723c751e8b465ee728b)
Start importing Assets/PlayerPhysics.physicsMaterial2D using Guid(6e5e9991d79818244afc6e1829b411c1) Importer(815301076,1909f56bfc062723c751e8b465ee728b)  -> (artifact id: 'ea72c1167a7bc1d548b055cad51bc77d') in 0.013073 seconds
  Import took 0.018621 seconds .

========================================================================
Received Import Request.
  Time since last request: 0.000273 seconds.
  path: Assets/Knife.png
  artifactKey: Guid(890a252dd83aafd42b7aadf12603f710) Importer(815301076,1909f56bfc062723c751e8b465ee728b)
Start importing Assets/Knife.png using Guid(890a252dd83aafd42b7aadf12603f710) Importer(815301076,1909f56bfc062723c751e8b465ee728b)  -> (artifact id: 'ebf213472ed4f4644fbf90850b37a4c4') in 0.025485 seconds
  Import took 0.030466 seconds .

========================================================================
Received Import Request.
  Time since last request: 0.000396 seconds.
  path: Assets/unnamed (4).png
  artifactKey: Guid(6615e92922292f84db720b7b60e35c9e) Importer(815301076,1909f56bfc062723c751e8b465ee728b)
Start importing Assets/unnamed (4).png using Guid(6615e92922292f84db720b7b60e35c9e) Importer(815301076,1909f56bfc062723c751e8b465ee728b)  -> (artifact id: 'fb7b59c0a0e3b9162c87728c0c00c331') in 0.024655 seconds
  Import took 0.029516 seconds .

========================================================================
Received Import Request.
  Time since last request: 0.000237 seconds.
  path: Assets/download.png
  artifactKey: Guid(935ffab05753537478af675f2a873ea7) Importer(815301076,1909f56bfc062723c751e8b465ee728b)
Start importing Assets/download.png using Guid(935ffab05753537478af675f2a873ea7) Importer(815301076,1909f56bfc062723c751e8b465ee728b)  -> (artifact id: '534ec210ddb91a6403a7d076693ff0be') in 0.034692 seconds
  Import took 0.038081 seconds .

========================================================================
Received Import Request.
  Time since last request: 0.000279 seconds.
  path: Assets/download.asset
  artifactKey: Guid(f887ea77daa99564bbd91e99dceb3a17) Importer(815301076,1909f56bfc062723c751e8b465ee728b)
Start importing Assets/download.asset using Guid(f887ea77daa99564bbd91e99dceb3a17) Importer(815301076,1909f56bfc062723c751e8b465ee728b)  -> (artifact id: 'cf6b56467068deba3a388e005103a1cb') in 0.027900 seconds
  Import took 0.031316 seconds .

========================================================================
Received Import Request.
  Time since last request: 0.006040 seconds.
  path: Assets/download.asset
  artifactKey: Guid(f887ea77daa99564bbd91e99dceb3a17) Importer(815301076,1909f56bfc062723c751e8b465ee728b)
Start importing Assets/download.asset using Guid(f887ea77daa99564bbd91e99dceb3a17) Importer(815301076,1909f56bfc062723c751e8b465ee728b)  -> (artifact id: 'cf6b56467068deba3a388e005103a1cb') in 0.013037 seconds
  Import took 0.017996 seconds .

========================================================================
Received Prepare
Registering precompiled user dll's ...
Registered in 0.001149 seconds.
Begin MonoManager ReloadAssembly
Native extension for WindowsStandalone target not found
Refreshing native plugins compatible for Editor in 0.36 ms, found 1 plugins.
Preloading 0 native plugins for Editor in 0.00 ms.
Mono: successfully reloaded assembly
- Completed reload, in  0.932 seconds
Platform modules already initialized, skipping
Refreshing native plugins compatible for Editor in 0.35 ms, found 1 plugins.
Preloading 0 native plugins for Editor in 0.00 ms.
Unloading 1801 Unused Serialized files (Serialized files now loaded: 0)
System memory in use before: 87.5 MB.
System memory in use after: 87.7 MB.

Unloading 8 unused Assets to reduce memory usage. Loaded Objects now: 2272.
Total: 3.025300 ms (FindLiveObjects: 0.209000 ms CreateObjectMapping: 0.104600 ms MarkObjects: 2.658200 ms  DeleteObjects: 0.052100 ms)

========================================================================
Received Prepare
Registering precompiled user dll's ...
Registered in 0.001139 seconds.
Begin MonoManager ReloadAssembly
Native extension for WindowsStandalone target not found
Refreshing native plugins compatible for Editor in 0.39 ms, found 1 plugins.
Preloading 0 native plugins for Editor in 0.00 ms.
Mono: successfully reloaded assembly
- Completed reload, in  0.920 seconds
Platform modules already initialized, skipping
Refreshing native plugins compatible for Editor in 0.39 ms, found 1 plugins.
Preloading 0 native plugins for Editor in 0.00 ms.
Unloading 1801 Unused Serialized files (Serialized files now loaded: 0)
System memory in use before: 87.6 MB.
System memory in use after: 87.7 MB.

Unloading 8 unused Assets to reduce memory usage. Loaded Objects now: 2275.
Total: 2.800400 ms (FindLiveObjects: 0.327900 ms CreateObjectMapping: 0.144000 ms MarkObjects: 2.292200 ms  DeleteObjects: 0.034800 ms)

========================================================================
Received Prepare
Registering precompiled user dll's ...
Registered in 0.001135 seconds.
Begin MonoManager ReloadAssembly
Native extension for WindowsStandalone target not found
Refreshing native plugins compatible for Editor in 0.37 ms, found 1 plugins.
Preloading 0 native plugins for Editor in 0.00 ms.
Mono: successfully reloaded assembly
- Completed reload, in  0.905 seconds
Platform modules already initialized, skipping
Refreshing native plugins compatible for Editor in 0.36 ms, found 1 plugins.
Preloading 0 native plugins for Editor in 0.00 ms.
Unloading 1801 Unused Serialized files (Serialized files now loaded: 0)
System memory in use before: 87.6 MB.
System memory in use after: 87.7 MB.

Unloading 8 unused Assets to reduce memory usage. Loaded Objects now: 2278.
Total: 2.338100 ms (FindLiveObjects: 0.217100 ms CreateObjectMapping: 0.086800 ms MarkObjects: 2.014500 ms  DeleteObjects: 0.018500 ms)

========================================================================
Received Prepare
Registering precompiled user dll's ...
Registered in 0.001188 seconds.
Begin MonoManager ReloadAssembly
Native extension for WindowsStandalone target not found
Refreshing native plugins compatible for Editor in 0.41 ms, found 1 plugins.
Preloading 0 native plugins for Editor in 0.00 ms.
Mono: successfully reloaded assembly
- Completed reload, in  0.913 seconds
Platform modules already initialized, skipping
Refreshing native plugins compatible for Editor in 0.36 ms, found 1 plugins.
Preloading 0 native plugins for Editor in 0.00 ms.
Unloading 1801 Unused Serialized files (Serialized files now loaded: 0)
System memory in use before: 87.6 MB.
System memory in use after: 87.7 MB.

Unloading 8 unused Assets to reduce memory usage. Loaded Objects now: 2281.
Total: 2.230100 ms (FindLiveObjects: 0.201700 ms CreateObjectMapping: 0.089700 ms MarkObjects: 1.888600 ms  DeleteObjects: 0.049100 ms)

========================================================================
Received Import Request.
  Time since last request: 959.979023 seconds.
  path: Assets/Tilemap Sprites
  artifactKey: Guid(75dac7a269c23ec4c8e542912eb33cdd) Importer(815301076,1909f56bfc062723c751e8b465ee728b)
Start importing Assets/Tilemap Sprites using Guid(75dac7a269c23ec4c8e542912eb33cdd) Importer(815301076,1909f56bfc062723c751e8b465ee728b)  -> (artifact id: '35d1ca28d0aaf24a2cfd61cbdd5ecebf') in 0.015694 seconds
  Import took 0.020830 seconds .

========================================================================
Received Import Request.
  Time since last request: 0.036451 seconds.
  path: Assets/Tilemap Sprites/StoneBrick.asset
  artifactKey: Guid(3f5ff27a74b7d684ab50033331a82311) Importer(815301076,1909f56bfc062723c751e8b465ee728b)
Start importing Assets/Tilemap Sprites/StoneBrick.asset using Guid(3f5ff27a74b7d684ab50033331a82311) Importer(815301076,1909f56bfc062723c751e8b465ee728b)  -> (artifact id: '2642047ea2d4b39d0015b1548bddd77a') in 0.047818 seconds
  Import took 0.052053 seconds .

========================================================================
Received Import Request.
  Time since last request: 0.000404 seconds.
  path: Assets/Tilemap Sprites/unnamed (3).png
  artifactKey: Guid(7941f7b2cc0392a45bcfbb2dde5d6e9b) Importer(815301076,1909f56bfc062723c751e8b465ee728b)
Start importing Assets/Tilemap Sprites/unnamed (3).png using Guid(7941f7b2cc0392a45bcfbb2dde5d6e9b) Importer(815301076,1909f56bfc062723c751e8b465ee728b)  -> (artifact id: '48bf4b411c4d15cc0cc70f5fbd0ac8be') in 0.041420 seconds
  Import took 0.044250 seconds .

========================================================================
Received Import Request.
  Time since last request: 0.000377 seconds.
  path: Assets/Tilemap Sprites/unnamed (1).png
  artifactKey: Guid(a36a2fe1dc5a9964c8548d964adc0a31) Importer(815301076,1909f56bfc062723c751e8b465ee728b)
Start importing Assets/Tilemap Sprites/unnamed (1).png using Guid(a36a2fe1dc5a9964c8548d964adc0a31) Importer(815301076,1909f56bfc062723c751e8b465ee728b)  -> (artifact id: 'd141472a228572f801a46222946b7177') in 0.018623 seconds
  Import took 0.022667 seconds .

========================================================================
Received Import Request.
  Time since last request: 0.000301 seconds.
  path: Assets/Tilemap Sprites/StoneBrick.png
  artifactKey: Guid(8f976a68a249b9a44bc75b1ededde6fc) Importer(815301076,1909f56bfc062723c751e8b465ee728b)
Start importing Assets/Tilemap Sprites/StoneBrick.png using Guid(8f976a68a249b9a44bc75b1ededde6fc) Importer(815301076,1909f56bfc062723c751e8b465ee728b)  -> (artifact id: '419292ae1dd4a7d7ad9d3165537b3f06') in 0.019095 seconds
  Import took 0.023647 seconds .

========================================================================
Received Import Request.
  Time since last request: 0.000421 seconds.
  path: Assets/Tilemap Sprites/unnamed (2).asset
  artifactKey: Guid(656c70f49ccae2f4b911f545258ec1f8) Importer(815301076,1909f56bfc062723c751e8b465ee728b)
Start importing Assets/Tilemap Sprites/unnamed (2).asset using Guid(656c70f49ccae2f4b911f545258ec1f8) Importer(815301076,1909f56bfc062723c751e8b465ee728b)  -> (artifact id: '8c96608a6e105ab56d8c0808ea45c05b') in 0.018353 seconds
  Import took 0.022804 seconds .

========================================================================
Received Import Request.
  Time since last request: 0.000337 seconds.
  path: Assets/Tilemap Sprites/unnamed (2).png
  artifactKey: Guid(3f2833e5a54ee7c4dacfaab44a2523d3) Importer(815301076,1909f56bfc062723c751e8b465ee728b)
Start importing Assets/Tilemap Sprites/unnamed (2).png using Guid(3f2833e5a54ee7c4dacfaab44a2523d3) Importer(815301076,1909f56bfc062723c751e8b465ee728b)  -> (artifact id: 'c581a5b4d6d130467bc7bf80f5e71b41') in 0.021053 seconds
  Import took 0.025159 seconds .

========================================================================
Received Import Request.
  Time since last request: 0.000513 seconds.
  path: Assets/Tilemap Sprites/unnamed (3).asset
  artifactKey: Guid(d73a2d543f5c80d48967cbd824786322) Importer(815301076,1909f56bfc062723c751e8b465ee728b)
Start importing Assets/Tilemap Sprites/unnamed (3).asset using Guid(d73a2d543f5c80d48967cbd824786322) Importer(815301076,1909f56bfc062723c751e8b465ee728b)  -> (artifact id: 'c90fb08417de363b190a959c244f03ab') in 0.012997 seconds
  Import took 0.018011 seconds .

========================================================================
Received Import Request.
  Time since last request: 0.000301 seconds.
  path: Assets/Tilemap Sprites/unnamed (1).asset
  artifactKey: Guid(0df0f66ac1a20624da40d32fe5254ab5) Importer(815301076,1909f56bfc062723c751e8b465ee728b)
Start importing Assets/Tilemap Sprites/unnamed (1).asset using Guid(0df0f66ac1a20624da40d32fe5254ab5) Importer(815301076,1909f56bfc062723c751e8b465ee728b)  -> (artifact id: 'ea30265088222c5975972c419f26ea21') in 0.018029 seconds
  Import took 0.022178 seconds .

========================================================================
Received Prepare
Registering precompiled user dll's ...
Registered in 0.001435 seconds.
Begin MonoManager ReloadAssembly
Native extension for WindowsStandalone target not found
Refreshing native plugins compatible for Editor in 0.57 ms, found 1 plugins.
Preloading 0 native plugins for Editor in 0.00 ms.
Mono: successfully reloaded assembly
- Completed reload, in  1.143 seconds
Platform modules already initialized, skipping
Refreshing native plugins compatible for Editor in 0.35 ms, found 1 plugins.
Preloading 0 native plugins for Editor in 0.00 ms.
Unloading 1801 Unused Serialized files (Serialized files now loaded: 0)
System memory in use before: 87.6 MB.
System memory in use after: 87.7 MB.

Unloading 8 unused Assets to reduce memory usage. Loaded Objects now: 2286.
Total: 2.913400 ms (FindLiveObjects: 0.260100 ms CreateObjectMapping: 0.099500 ms MarkObjects: 2.505300 ms  DeleteObjects: 0.047500 ms)

========================================================================
Received Import Request.
  Time since last request: 166.032018 seconds.
  path: Assets/Tilemap Sprites/StoneBrick.asset
  artifactKey: Guid(3f5ff27a74b7d684ab50033331a82311) Importer(815301076,1909f56bfc062723c751e8b465ee728b)
Start importing Assets/Tilemap Sprites/StoneBrick.asset using Guid(3f5ff27a74b7d684ab50033331a82311) Importer(815301076,1909f56bfc062723c751e8b465ee728b)  -> (artifact id: '131b6ed9bdeb0cf6657dd21f51f9d3ba') in 0.048522 seconds
  Import took 0.052218 seconds .

========================================================================
Received Prepare
Registering precompiled user dll's ...
Registered in 0.001251 seconds.
Begin MonoManager ReloadAssembly
Native extension for WindowsStandalone target not found
Refreshing native plugins compatible for Editor in 0.36 ms, found 1 plugins.
Preloading 0 native plugins for Editor in 0.00 ms.
Mono: successfully reloaded assembly
- Completed reload, in  0.916 seconds
Platform modules already initialized, skipping
Refreshing native plugins compatible for Editor in 0.38 ms, found 1 plugins.
Preloading 0 native plugins for Editor in 0.00 ms.
Unloading 1801 Unused Serialized files (Serialized files now loaded: 0)
System memory in use before: 87.7 MB.
System memory in use after: 87.8 MB.

Unloading 8 unused Assets to reduce memory usage. Loaded Objects now: 2290.
Total: 3.206000 ms (FindLiveObjects: 0.295200 ms CreateObjectMapping: 0.116700 ms MarkObjects: 2.739500 ms  DeleteObjects: 0.052900 ms)

========================================================================
Received Prepare
Registering precompiled user dll's ...
Registered in 0.001071 seconds.
Begin MonoManager ReloadAssembly
Native extension for WindowsStandalone target not found
Refreshing native plugins compatible for Editor in 0.88 ms, found 1 plugins.
Preloading 0 native plugins for Editor in 0.00 ms.
Mono: successfully reloaded assembly
- Completed reload, in  0.968 seconds
Platform modules already initialized, skipping
Refreshing native plugins compatible for Editor in 0.36 ms, found 1 plugins.
Preloading 0 native plugins for Editor in 0.00 ms.
Unloading 1801 Unused Serialized files (Serialized files now loaded: 0)
System memory in use before: 87.7 MB.
System memory in use after: 87.8 MB.

Unloading 8 unused Assets to reduce memory usage. Loaded Objects now: 2293.
Total: 2.128100 ms (FindLiveObjects: 0.194400 ms CreateObjectMapping: 0.063900 ms MarkObjects: 1.852400 ms  DeleteObjects: 0.016600 ms)

========================================================================
Received Import Request.
  Time since last request: 247.065848 seconds.
  path: Assets/Scripts/Teleport.cs
  artifactKey: Guid(fa9024815be506a4089664cad236d4b9) Importer(815301076,1909f56bfc062723c751e8b465ee728b)
Start importing Assets/Scripts/Teleport.cs using Guid(fa9024815be506a4089664cad236d4b9) Importer(815301076,1909f56bfc062723c751e8b465ee728b)  -> (artifact id: '4e0ce0b2f482fd8d116f378350e2fad8') in 0.022381 seconds
  Import took 0.026220 seconds .

========================================================================
Received Prepare
Registering precompiled user dll's ...
Registered in 0.001437 seconds.
Begin MonoManager ReloadAssembly
Native extension for WindowsStandalone target not found
Refreshing native plugins compatible for Editor in 0.37 ms, found 1 plugins.
Preloading 0 native plugins for Editor in 0.00 ms.
Mono: successfully reloaded assembly
- Completed reload, in  1.108 seconds
Platform modules already initialized, skipping
Refreshing native plugins compatible for Editor in 0.43 ms, found 1 plugins.
Preloading 0 native plugins for Editor in 0.00 ms.
Unloading 1801 Unused Serialized files (Serialized files now loaded: 0)
System memory in use before: 87.7 MB.
System memory in use after: 87.8 MB.

Unloading 8 unused Assets to reduce memory usage. Loaded Objects now: 2296.
Total: 2.492600 ms (FindLiveObjects: 0.245200 ms CreateObjectMapping: 0.067400 ms MarkObjects: 2.162000 ms  DeleteObjects: 0.016600 ms)

========================================================================
Received Import Request.
  Time since last request: 79.592338 seconds.
  path: Assets/Scripts/PlayerMovement.cs
  artifactKey: Guid(524bc7488a97dc748a4ebb302cee0317) Importer(815301076,1909f56bfc062723c751e8b465ee728b)
Start importing Assets/Scripts/PlayerMovement.cs using Guid(524bc7488a97dc748a4ebb302cee0317) Importer(815301076,1909f56bfc062723c751e8b465ee728b)  -> (artifact id: '4c8392ab99df358a4da543a5eddf5870') in 0.010335 seconds
  Import took 0.013440 seconds .

========================================================================
Received Import Request.
  Time since last request: 0.028155 seconds.
  path: Assets/Scripts/PlayerMovement.cs
  artifactKey: Guid(524bc7488a97dc748a4ebb302cee0317) Importer(815301076,1909f56bfc062723c751e8b465ee728b)
Start importing Assets/Scripts/PlayerMovement.cs using Guid(524bc7488a97dc748a4ebb302cee0317) Importer(815301076,1909f56bfc062723c751e8b465ee728b)  -> (artifact id: '4c8392ab99df358a4da543a5eddf5870') in 0.004540 seconds
  Import took 0.009111 seconds .

========================================================================
Received Prepare
Registering precompiled user dll's ...
Registered in 0.001246 seconds.
Begin MonoManager ReloadAssembly
Native extension for WindowsStandalone target not found
Refreshing native plugins compatible for Editor in 0.38 ms, found 1 plugins.
Preloading 0 native plugins for Editor in 0.00 ms.
Mono: successfully reloaded assembly
- Completed reload, in  1.011 seconds
Platform modules already initialized, skipping
Refreshing native plugins compatible for Editor in 0.35 ms, found 1 plugins.
Preloading 0 native plugins for Editor in 0.00 ms.
Unloading 1801 Unused Serialized files (Serialized files now loaded: 0)
System memory in use before: 87.7 MB.
System memory in use after: 87.8 MB.

Unloading 8 unused Assets to reduce memory usage. Loaded Objects now: 2299.
Total: 2.164900 ms (FindLiveObjects: 0.172000 ms CreateObjectMapping: 0.052300 ms MarkObjects: 1.908400 ms  DeleteObjects: 0.031000 ms)

========================================================================
Received Prepare
Registering precompiled user dll's ...
Registered in 0.001119 seconds.
Begin MonoManager ReloadAssembly
Native extension for WindowsStandalone target not found
Refreshing native plugins compatible for Editor in 0.48 ms, found 1 plugins.
Preloading 0 native plugins for Editor in 0.00 ms.
Mono: successfully reloaded assembly
- Completed reload, in  0.961 seconds
Platform modules already initialized, skipping
Refreshing native plugins compatible for Editor in 0.36 ms, found 1 plugins.
Preloading 0 native plugins for Editor in 0.00 ms.
Unloading 1801 Unused Serialized files (Serialized files now loaded: 0)
System memory in use before: 87.7 MB.
System memory in use after: 87.8 MB.

Unloading 8 unused Assets to reduce memory usage. Loaded Objects now: 2302.
Total: 2.809100 ms (FindLiveObjects: 0.164000 ms CreateObjectMapping: 0.075800 ms MarkObjects: 2.535000 ms  DeleteObjects: 0.033400 ms)

========================================================================
Received Prepare
Registering precompiled user dll's ...
Registered in 0.001141 seconds.
Begin MonoManager ReloadAssembly
Native extension for WindowsStandalone target not found
Refreshing native plugins compatible for Editor in 0.64 ms, found 1 plugins.
Preloading 0 native plugins for Editor in 0.00 ms.
Mono: successfully reloaded assembly
- Completed reload, in  2.129 seconds
Platform modules already initialized, skipping
Refreshing native plugins compatible for Editor in 0.54 ms, found 1 plugins.
Preloading 0 native plugins for Editor in 0.00 ms.
Unloading 1801 Unused Serialized files (Serialized files now loaded: 0)
System memory in use before: 87.7 MB.
System memory in use after: 87.8 MB.

Unloading 8 unused Assets to reduce memory usage. Loaded Objects now: 2305.
Total: 5.292800 ms (FindLiveObjects: 0.473800 ms CreateObjectMapping: 0.335100 ms MarkObjects: 4.434400 ms  DeleteObjects: 0.047700 ms)

========================================================================
Received Prepare
Registering precompiled user dll's ...
Registered in 0.001082 seconds.
Begin MonoManager ReloadAssembly
Native extension for WindowsStandalone target not found
Refreshing native plugins compatible for Editor in 0.39 ms, found 1 plugins.
Preloading 0 native plugins for Editor in 0.00 ms.
Mono: successfully reloaded assembly
- Completed reload, in  0.978 seconds
Platform modules already initialized, skipping
Refreshing native plugins compatible for Editor in 0.36 ms, found 1 plugins.
Preloading 0 native plugins for Editor in 0.00 ms.
Unloading 1801 Unused Serialized files (Serialized files now loaded: 0)
System memory in use before: 87.7 MB.
System memory in use after: 87.8 MB.

Unloading 8 unused Assets to reduce memory usage. Loaded Objects now: 2308.
Total: 3.230700 ms (FindLiveObjects: 0.390300 ms CreateObjectMapping: 0.158300 ms MarkObjects: 2.629500 ms  DeleteObjects: 0.051200 ms)

========================================================================
Received Prepare
Registering precompiled user dll's ...
Registered in 0.001135 seconds.
Begin MonoManager ReloadAssembly
Native extension for WindowsStandalone target not found
Refreshing native plugins compatible for Editor in 0.43 ms, found 1 plugins.
Preloading 0 native plugins for Editor in 0.00 ms.
Mono: successfully reloaded assembly
- Completed reload, in  0.927 seconds
Platform modules already initialized, skipping
Refreshing native plugins compatible for Editor in 0.40 ms, found 1 plugins.
Preloading 0 native plugins for Editor in 0.00 ms.
Unloading 1801 Unused Serialized files (Serialized files now loaded: 0)
System memory in use before: 87.7 MB.
System memory in use after: 87.8 MB.

Unloading 8 unused Assets to reduce memory usage. Loaded Objects now: 2311.
Total: 2.888300 ms (FindLiveObjects: 0.212300 ms CreateObjectMapping: 0.102800 ms MarkObjects: 2.554100 ms  DeleteObjects: 0.018100 ms)

========================================================================
Received Prepare
Registering precompiled user dll's ...
Registered in 0.001090 seconds.
Begin MonoManager ReloadAssembly
Native extension for WindowsStandalone target not found
Refreshing native plugins compatible for Editor in 0.37 ms, found 1 plugins.
Preloading 0 native plugins for Editor in 0.00 ms.
Mono: successfully reloaded assembly
- Completed reload, in  1.031 seconds
Platform modules already initialized, skipping
Refreshing native plugins compatible for Editor in 0.38 ms, found 1 plugins.
Preloading 0 native plugins for Editor in 0.00 ms.
Unloading 1801 Unused Serialized files (Serialized files now loaded: 0)
System memory in use before: 87.7 MB.
System memory in use after: 87.8 MB.

Unloading 8 unused Assets to reduce memory usage. Loaded Objects now: 2314.
Total: 3.250100 ms (FindLiveObjects: 0.291200 ms CreateObjectMapping: 0.126000 ms MarkObjects: 2.784700 ms  DeleteObjects: 0.047400 ms)

========================================================================
Received Prepare
Registering precompiled user dll's ...
Registered in 0.001068 seconds.
Begin MonoManager ReloadAssembly
Native extension for WindowsStandalone target not found
Refreshing native plugins compatible for Editor in 0.41 ms, found 1 plugins.
Preloading 0 native plugins for Editor in 0.00 ms.
Mono: successfully reloaded assembly
- Completed reload, in  1.105 seconds
Platform modules already initialized, skipping
Refreshing native plugins compatible for Editor in 0.35 ms, found 1 plugins.
Preloading 0 native plugins for Editor in 0.00 ms.
Unloading 1801 Unused Serialized files (Serialized files now loaded: 0)
System memory in use before: 87.7 MB.
System memory in use after: 87.8 MB.

Unloading 8 unused Assets to reduce memory usage. Loaded Objects now: 2317.
Total: 3.036300 ms (FindLiveObjects: 0.247000 ms CreateObjectMapping: 0.102900 ms MarkObjects: 2.670400 ms  DeleteObjects: 0.015000 ms)

========================================================================
Received Import Request.
  Time since last request: 1989.832600 seconds.
  path: Assets/Tilemap Sprites/unnamed (6).png
  artifactKey: Guid(4b167959334515c47a14beb70876fdaf) Importer(815301076,1909f56bfc062723c751e8b465ee728b)
Start importing Assets/Tilemap Sprites/unnamed (6).png using Guid(4b167959334515c47a14beb70876fdaf) Importer(815301076,1909f56bfc062723c751e8b465ee728b)  -> (artifact id: '08a4d68c8278b20d9cb624e16ee40a26') in 0.092509 seconds
  Import took 0.097233 seconds .

========================================================================
Received Import Request.
  Time since last request: 0.003182 seconds.
  path: Assets/Tilemap Sprites/unnamed (6).png
  artifactKey: Guid(4b167959334515c47a14beb70876fdaf) Importer(815301076,1909f56bfc062723c751e8b465ee728b)
Start importing Assets/Tilemap Sprites/unnamed (6).png using Guid(4b167959334515c47a14beb70876fdaf) Importer(815301076,1909f56bfc062723c751e8b465ee728b)  -> (artifact id: '08a4d68c8278b20d9cb624e16ee40a26') in 0.026113 seconds
  Import took 0.031074 seconds .

========================================================================
Received Import Request.
  Time since last request: 9.084402 seconds.
  path: Assets/Tilemap Sprites/unnamed (6).asset
  artifactKey: Guid(b0e67e1aa76f37f41b34525962e346f9) Importer(815301076,1909f56bfc062723c751e8b465ee728b)
Start importing Assets/Tilemap Sprites/unnamed (6).asset using Guid(b0e67e1aa76f37f41b34525962e346f9) Importer(815301076,1909f56bfc062723c751e8b465ee728b)  -> (artifact id: '8b07fcbb560bcabda568b1a0a982e01b') in 0.025166 seconds
  Import took 0.029583 seconds .

========================================================================
Received Import Request.
  Time since last request: 297.822636 seconds.
  path: Assets/Tilemap Sprites/unnamed (7).png
  artifactKey: Guid(7498325088a914748a698833bf7638de) Importer(815301076,1909f56bfc062723c751e8b465ee728b)
Start importing Assets/Tilemap Sprites/unnamed (7).png using Guid(7498325088a914748a698833bf7638de) Importer(815301076,1909f56bfc062723c751e8b465ee728b)  -> (artifact id: 'f1c32b96870b7eace9e5861ebc5a6c59') in 0.029730 seconds
  Import took 0.035326 seconds .

========================================================================
Received Import Request.
  Time since last request: 16.374502 seconds.
  path: Assets/Tilemap Sprites/unnamed (7).asset
  artifactKey: Guid(4c42277a4be61ff41ac057711d1c6f7c) Importer(815301076,1909f56bfc062723c751e8b465ee728b)
Start importing Assets/Tilemap Sprites/unnamed (7).asset using Guid(4c42277a4be61ff41ac057711d1c6f7c) Importer(815301076,1909f56bfc062723c751e8b465ee728b)  -> (artifact id: 'eaa86f5375079f57cc1efa3c0a763330') in 0.018658 seconds
  Import took 0.022845 seconds .

========================================================================
Received Import Request.
  Time since last request: 22.541836 seconds.
  path: Assets/Tilemap Sprites/unnamed (7).asset
  artifactKey: Guid(4c42277a4be61ff41ac057711d1c6f7c) Importer(815301076,1909f56bfc062723c751e8b465ee728b)
Start importing Assets/Tilemap Sprites/unnamed (7).asset using Guid(4c42277a4be61ff41ac057711d1c6f7c) Importer(815301076,1909f56bfc062723c751e8b465ee728b)  -> (artifact id: '8c5c2225def0cfa31af9378c9fa31d36') in 0.019751 seconds
  Import took 0.025417 seconds .

========================================================================
Received Prepare
Registering precompiled user dll's ...
Registered in 0.002783 seconds.
Begin MonoManager ReloadAssembly
Native extension for WindowsStandalone target not found
Refreshing native plugins compatible for Editor in 0.35 ms, found 1 plugins.
Preloading 0 native plugins for Editor in 0.00 ms.
Mono: successfully reloaded assembly
- Completed reload, in  0.935 seconds
Platform modules already initialized, skipping
Refreshing native plugins compatible for Editor in 0.38 ms, found 1 plugins.
Preloading 0 native plugins for Editor in 0.00 ms.
Unloading 1801 Unused Serialized files (Serialized files now loaded: 0)
System memory in use before: 87.7 MB.
System memory in use after: 87.9 MB.

Unloading 8 unused Assets to reduce memory usage. Loaded Objects now: 2322.
Total: 3.380400 ms (FindLiveObjects: 0.319700 ms CreateObjectMapping: 0.127500 ms MarkObjects: 2.892000 ms  DeleteObjects: 0.039100 ms)

AssetImportWorkerClient::OnTransportError - code=2 error=End of file
